<?xml version="1.0" encoding="UTF-8"?>
<testsuite name="testSeat" tests="3" skipped="0" failures="0" errors="0" timestamp="2017-11-18T12:38:54" hostname="LiangYus-MacBook-Pro.local" time="0.002">
  <properties/>
  <testcase name="seatRowConstructor" classname="testSeat" time="0.001"/>
  <testcase name="seatConstructor" classname="testSeat" time="0.0"/>
  <testcase name="seatPoolConstructor" classname="testSeat" time="0.0"/>
  <system-out><![CDATA[]]></system-out>
  <system-err><![CDATA[]]></system-err>
</testsuite>
